<?xml version="1.0" encoding="UTF-8"?>
<testsuite xmlns:xsi="http://www.w3.org/2001/XMLSchema-instance" xsi:noNamespaceSchemaLocation="https://maven.apache.org/surefire/maven-surefire-plugin/xsd/surefire-test-report-3.0.xsd" version="3.0" name="com.cibertec.ProyectoMovilApplicationTests" time="3.689" tests="1" errors="0" skipped="0" failures="0">
  <properties>
[...]
</properties>
  <testcase name="contextLoads" classname="com.cibertec.ProyectoMovilApplicationTests" time="0.785">
    <system-out><![CDATA[15:34:44.143 [main] INFO org.springframework.test.context.support.AnnotationConfigContextLoaderUtils -- Could not detect default configuration classes for test class [com.cibertec.ProyectoMovilApplicationTests]: ProyectoMovilApplicationTests does not declare any static, non-private, non-final, nested classes annotated with @Configuration.
15:34:44.246 [main] INFO org.springframework.boot.test.context.SpringBootTestContextBootstrapper -- Found @SpringBootConfiguration com.cibertec.ProyectoMovilApplication for test class com.cibertec.ProyectoMovilApplicationTests
15:34:44.397 [main] INFO org.springframework.boot.devtools.restart.RestartApplicationListener -- Restart disabled due to context in which it is running

  .   ____          _            __ _ _
 /\\ / ___'_ __ _ _(_)_ __  __ _ \ \ \ \
( ( )\___ | '_ | '_| | '_ \/ _` | \ \ \ \
 \\/  ___)| |_)| | | | | || (_| |  ) ) ) )
  '  |____| .__|_| |_|_| |_\__, | / / / /
 =========|_|==============|___/=/_/_/_/
 :: Spring Boot ::                (v3.1.5)

2023-11-15T15:34:44.645-05:00  INFO 14080 --- [           main] c.c.ProyectoMovilApplicationTests        : Starting ProyectoMovilApplicationTests using Java 18.0.1 with PID 14080 (started by Bryan in C:\Users\Bryan\Documents\workspace-spring-tool-suite-4-4.19.1.RELEASE\Proyecto_movil)
2023-11-15T15:34:44.646-05:00  INFO 14080 --- [           main] c.c.ProyectoMovilApplicationTests        : No active profile set, falling back to 1 default profile: "default"
2023-11-15T15:34:45.175-05:00  INFO 14080 --- [           main] .s.d.r.c.RepositoryConfigurationDelegate : Bootstrapping Spring Data MongoDB repositories in DEFAULT mode.
2023-11-15T15:34:45.242-05:00  INFO 14080 --- [           main] .s.d.r.c.RepositoryConfigurationDelegate : Finished Spring Data repository scanning in 61 ms. Found 4 MongoDB repository interfaces.
2023-11-15T15:34:45.799-05:00  INFO 14080 --- [           main] org.mongodb.driver.client                : MongoClient with metadata {"driver": {"name": "mongo-java-driver|sync|spring-boot", "version": "4.9.1"}, "os": {"type": "Windows", "name": "Windows 11", "architecture": "amd64", "version": "10.0"}, "platform": "Java/Azul Systems, Inc./18.0.1+10"} created with settings MongoClientSettings{readPreference=primary, writeConcern=WriteConcern{w=majority, wTimeout=null ms, journal=null}, retryWrites=true, retryReads=true, readConcern=ReadConcern{level=null}, credential=MongoCredential{mechanism=null, userName='bryanets', source='admin', password=<hidden>, mechanismProperties=<hidden>}, streamFactoryFactory=null, commandListeners=[], codecRegistry=ProvidersCodecRegistry{codecProviders=[ValueCodecProvider{}, BsonValueCodecProvider{}, DBRefCodecProvider{}, DBObjectCodecProvider{}, DocumentCodecProvider{}, CollectionCodecProvider{}, IterableCodecProvider{}, MapCodecProvider{}, GeoJsonCodecProvider{}, GridFSFileCodecProvider{}, Jsr310CodecProvider{}, JsonObjectCodecProvider{}, BsonCodecProvider{}, EnumCodecProvider{}, com.mongodb.client.model.mql.ExpressionCodecProvider@3451f01d, com.mongodb.Jep395RecordCodecProvider@72503b19]}, loggerSettings=LoggerSettings{maxDocumentLength=1000}, clusterSettings={hosts=[127.0.0.1:27017], srvHost=cluster0.fvgwv4v.mongodb.net, srvServiceName=mongodb, mode=MULTIPLE, requiredClusterType=REPLICA_SET, requiredReplicaSetName='atlas-3el5ww-shard-0', serverSelector='null', clusterListeners='[]', serverSelectionTimeout='30000 ms', localThreshold='30000 ms'}, socketSettings=SocketSettings{connectTimeoutMS=10000, readTimeoutMS=0, receiveBufferSize=0, sendBufferSize=0}, heartbeatSocketSettings=SocketSettings{connectTimeoutMS=10000, readTimeoutMS=10000, receiveBufferSize=0, sendBufferSize=0}, connectionPoolSettings=ConnectionPoolSettings{maxSize=100, minSize=0, maxWaitTimeMS=120000, maxConnectionLifeTimeMS=0, maxConnectionIdleTimeMS=0, maintenanceInitialDelayMS=0, maintenanceFrequencyMS=60000, connectionPoolListeners=[], maxConnecting=2}, serverSettings=ServerSettings{heartbeatFrequencyMS=10000, minHeartbeatFrequencyMS=500, serverListeners='[]', serverMonitorListeners='[]'}, sslSettings=SslSettings{enabled=true, invalidHostNameAllowed=false, context=null}, applicationName='null', compressorList=[], uuidRepresentation=JAVA_LEGACY, serverApi=null, autoEncryptionSettings=null, contextProvider=null}
2023-11-15T15:34:45.884-05:00  INFO 14080 --- [v4v.mongodb.net] org.mongodb.driver.cluster               : Adding discovered server ac-tus3e2o-shard-00-02.fvgwv4v.mongodb.net:27017 to client view of cluster
2023-11-15T15:34:45.907-05:00  INFO 14080 --- [v4v.mongodb.net] org.mongodb.driver.cluster               : Adding discovered server ac-tus3e2o-shard-00-01.fvgwv4v.mongodb.net:27017 to client view of cluster
2023-11-15T15:34:45.908-05:00  INFO 14080 --- [v4v.mongodb.net] org.mongodb.driver.cluster               : Adding discovered server ac-tus3e2o-shard-00-00.fvgwv4v.mongodb.net:27017 to client view of cluster
2023-11-15T15:34:46.839-05:00  INFO 14080 --- [           main] c.c.ProyectoMovilApplicationTests        : Started ProyectoMovilApplicationTests in 2.454 seconds (process running for 3.46)
2023-11-15T15:34:46.883-05:00  INFO 14080 --- [ngodb.net:27017] org.mongodb.driver.cluster               : Monitor thread successfully connected to server with description ServerDescription{address=ac-tus3e2o-shard-00-01.fvgwv4v.mongodb.net:27017, type=REPLICA_SET_PRIMARY, state=CONNECTED, ok=true, minWireVersion=0, maxWireVersion=17, maxDocumentSize=16777216, logicalSessionTimeoutMinutes=30, roundTripTimeNanos=466534800, setName='atlas-3el5ww-shard-0', canonicalAddress=ac-tus3e2o-shard-00-01.fvgwv4v.mongodb.net:27017, hosts=[ac-tus3e2o-shard-00-01.fvgwv4v.mongodb.net:27017, ac-tus3e2o-shard-00-02.fvgwv4v.mongodb.net:27017, ac-tus3e2o-shard-00-00.fvgwv4v.mongodb.net:27017], passives=[], arbiters=[], primary='ac-tus3e2o-shard-00-01.fvgwv4v.mongodb.net:27017', tagSet=TagSet{[Tag{name='nodeType', value='ELECTABLE'}, Tag{name='provider', value='AWS'}, Tag{name='region', value='SA_EAST_1'}, Tag{name='workloadType', value='OPERATIONAL'}]}, electionId=7fffffff0000000000000063, setVersion=1, topologyVersion=TopologyVersion{processId=6532bf77df4dc36442b89cf2, counter=6}, lastWriteDate=Wed Nov 15 15:34:45 PET 2023, lastUpdateTimeNanos=55113233554300}
2023-11-15T15:34:46.883-05:00  INFO 14080 --- [ngodb.net:27017] org.mongodb.driver.cluster               : Monitor thread successfully connected to server with description ServerDescription{address=ac-tus3e2o-shard-00-00.fvgwv4v.mongodb.net:27017, type=REPLICA_SET_SECONDARY, state=CONNECTED, ok=true, minWireVersion=0, maxWireVersion=17, maxDocumentSize=16777216, logicalSessionTimeoutMinutes=30, roundTripTimeNanos=466544600, setName='atlas-3el5ww-shard-0', canonicalAddress=ac-tus3e2o-shard-00-00.fvgwv4v.mongodb.net:27017, hosts=[ac-tus3e2o-shard-00-01.fvgwv4v.mongodb.net:27017, ac-tus3e2o-shard-00-02.fvgwv4v.mongodb.net:27017, ac-tus3e2o-shard-00-00.fvgwv4v.mongodb.net:27017], passives=[], arbiters=[], primary='ac-tus3e2o-shard-00-01.fvgwv4v.mongodb.net:27017', tagSet=TagSet{[Tag{name='nodeType', value='ELECTABLE'}, Tag{name='provider', value='AWS'}, Tag{name='region', value='SA_EAST_1'}, Tag{name='workloadType', value='OPERATIONAL'}]}, electionId=null, setVersion=1, topologyVersion=TopologyVersion{processId=6532bde2186e486cf9a17a75, counter=4}, lastWriteDate=Wed Nov 15 15:34:45 PET 2023, lastUpdateTimeNanos=55113233554300}
2023-11-15T15:34:46.883-05:00  INFO 14080 --- [ngodb.net:27017] org.mongodb.driver.cluster               : Monitor thread successfully connected to server with description ServerDescription{address=ac-tus3e2o-shard-00-02.fvgwv4v.mongodb.net:27017, type=REPLICA_SET_SECONDARY, state=CONNECTED, ok=true, minWireVersion=0, maxWireVersion=17, maxDocumentSize=16777216, logicalSessionTimeoutMinutes=30, roundTripTimeNanos=466540500, setName='atlas-3el5ww-shard-0', canonicalAddress=ac-tus3e2o-shard-00-02.fvgwv4v.mongodb.net:27017, hosts=[ac-tus3e2o-shard-00-01.fvgwv4v.mongodb.net:27017, ac-tus3e2o-shard-00-02.fvgwv4v.mongodb.net:27017, ac-tus3e2o-shard-00-00.fvgwv4v.mongodb.net:27017], passives=[], arbiters=[], primary='ac-tus3e2o-shard-00-01.fvgwv4v.mongodb.net:27017', tagSet=TagSet{[Tag{name='nodeType', value='ELECTABLE'}, Tag{name='provider', value='AWS'}, Tag{name='region', value='SA_EAST_1'}, Tag{name='workloadType', value='OPERATIONAL'}]}, electionId=null, setVersion=1, topologyVersion=TopologyVersion{processId=6532c1e301c7917f8db2b15f, counter=3}, lastWriteDate=Wed Nov 15 15:34:45 PET 2023, lastUpdateTimeNanos=55113233554300}
2023-11-15T15:34:46.886-05:00  INFO 14080 --- [ngodb.net:27017] org.mongodb.driver.cluster               : Discovered replica set primary ac-tus3e2o-shard-00-01.fvgwv4v.mongodb.net:27017 with max election id 7fffffff0000000000000063 and max set version 1
]]></system-out>
  </testcase>
</testsuite>